C:\Program Files (x86)\Microsoft Visual Studio\2017\Professional\Common7\IDE\VC\VCTargets\Microsoft.Cpp.Common.props(144,5): warning MSB4211: The property "WindowsTargetPlatformVersion" is being set to a value for the first time, but it was already consumed at "C:\Program Files (x86)\Microsoft Visual Studio\2017\Professional\Common7\IDE\VC\VCTargets\Microsoft.Cpp.WindowsSDK.props (29,5)".
C:\Program Files (x86)\Microsoft Visual Studio\2017\Professional\Common7\IDE\VC\VCTargets\Microsoft.Cpp.Common.props(144,5): warning MSB4211: The property "WindowsTargetPlatformVersion" is being set to a value for the first time, but it was already consumed at "C:\Program Files (x86)\Microsoft Visual Studio\2017\Professional\Common7\IDE\VC\VCTargets\Microsoft.Cpp.WindowsSDK.props (29,5)".
C:\Program Files (x86)\Microsoft Visual Studio\2017\Professional\Common7\IDE\VC\VCTargets\Microsoft.CppBuild.targets(387,5): warning MSB8028: The intermediate directory (Release\) contains files shared from another project (testdenoise.vcxproj, testecho.vcxproj).  This can lead to incorrect clean and rebuild behavior.
  testresample.c
..\..\..\libspeexdsp\testresample.c(74): warning C4244: '=': conversion from 'double' to 'short', possible loss of data
C:\Program Files (x86)\Microsoft Visual Studio\2017\Professional\Common7\IDE\VC\VCTargets\Microsoft.CppBuild.targets(1198,5): warning MSB8012: TargetPath(C:\workspace\bebo\speexdsp\win32\VS2008\tests\Release\testresample.exe) does not match the Linker's OutputFile property value (C:\workspace\bebo\speexdsp\bin\testresample.exe). This may cause your project to build incorrectly. To correct this, please make sure that $(OutDir), $(TargetName) and $(TargetExt) property values match the value specified in %(Link.OutputFile).
testresample.obj : error LNK2001: unresolved external symbol _speex_resampler_skip_zeros
testresample.obj : error LNK2001: unresolved external symbol _speex_resampler_init
testresample.obj : error LNK2001: unresolved external symbol _speex_resampler_process_float
testresample.obj : error LNK2001: unresolved external symbol _speex_resampler_destroy
testresample.obj : error LNK2001: unresolved external symbol _speex_resampler_set_rate
../../../bin/testresample.exe : fatal error LNK1120: 5 unresolved externals
